Analysis & Synthesis report for Project_Main
Thu Jun 29 20:37:15 2023
Quartus II 64-Bit Version 13.0.1 Build 232 06/12/2013 Service Pack 1 SJ Web Edition


---------------------
; Table of Contents ;
---------------------
  1. Legal Notice
  2. Analysis & Synthesis Summary
  3. Analysis & Synthesis Settings
  4. Parallel Compilation
  5. Analysis & Synthesis Source Files Read
  6. Analysis & Synthesis Resource Usage Summary
  7. Analysis & Synthesis Resource Utilization by Entity
  8. State Machine - |Main|UART:UART_PORTMAP|state_uart
  9. State Machine - |Main|LCD:LCD_PORTMAP|state
 10. Registers Removed During Synthesis
 11. Removed Registers Triggering Further Register Optimizations
 12. General Register Statistics
 13. Inverted Register Statistics
 14. Multiplexer Restructuring Statistics (Restructuring Performed)
 15. Analysis & Synthesis Messages



----------------
; Legal Notice ;
----------------
Copyright (C) 1991-2013 Altera Corporation
Your use of Altera Corporation's design tools, logic functions 
and other software and tools, and its AMPP partner logic 
functions, and any output files from any of the foregoing 
(including device programming or simulation files), and any 
associated documentation or information are expressly subject 
to the terms and conditions of the Altera Program License 
Subscription Agreement, Altera MegaCore Function License 
Agreement, or other applicable license agreement, including, 
without limitation, that your use is for the sole purpose of 
programming logic devices manufactured by Altera and sold by 
Altera or its authorized distributors.  Please refer to the 
applicable agreement for further details.



+-------------------------------------------------------------------------------+
; Analysis & Synthesis Summary                                                  ;
+-----------------------------+-------------------------------------------------+
; Analysis & Synthesis Status ; Successful - Thu Jun 29 20:37:15 2023           ;
; Quartus II 64-Bit Version   ; 13.0.1 Build 232 06/12/2013 SP 1 SJ Web Edition ;
; Revision Name               ; Project_Main                                    ;
; Top-level Entity Name       ; Main                                            ;
; Family                      ; MAX II                                          ;
; Total logic elements        ; 232                                             ;
; Total pins                  ; 25                                              ;
; Total virtual pins          ; 0                                               ;
; UFM blocks                  ; 0 / 1 ( 0 % )                                   ;
+-----------------------------+-------------------------------------------------+


+----------------------------------------------------------------------------------------------------------------------+
; Analysis & Synthesis Settings                                                                                        ;
+----------------------------------------------------------------------------+--------------------+--------------------+
; Option                                                                     ; Setting            ; Default Value      ;
+----------------------------------------------------------------------------+--------------------+--------------------+
; Device                                                                     ; EPM240T100A5       ;                    ;
; Top-level entity name                                                      ; Main               ; Project_Main       ;
; Family name                                                                ; MAX II             ; Cyclone IV GX      ;
; Use smart compilation                                                      ; Off                ; Off                ;
; Enable parallel Assembler and TimeQuest Timing Analyzer during compilation ; On                 ; On                 ;
; Enable compact report table                                                ; Off                ; Off                ;
; Restructure Multiplexers                                                   ; Auto               ; Auto               ;
; Create Debugging Nodes for IP Cores                                        ; Off                ; Off                ;
; Preserve fewer node names                                                  ; On                 ; On                 ;
; Disable OpenCore Plus hardware evaluation                                  ; Off                ; Off                ;
; Verilog Version                                                            ; Verilog_2001       ; Verilog_2001       ;
; VHDL Version                                                               ; VHDL_1993          ; VHDL_1993          ;
; State Machine Processing                                                   ; Auto               ; Auto               ;
; Safe State Machine                                                         ; Off                ; Off                ;
; Extract Verilog State Machines                                             ; On                 ; On                 ;
; Extract VHDL State Machines                                                ; On                 ; On                 ;
; Ignore Verilog initial constructs                                          ; Off                ; Off                ;
; Iteration limit for constant Verilog loops                                 ; 5000               ; 5000               ;
; Iteration limit for non-constant Verilog loops                             ; 250                ; 250                ;
; Add Pass-Through Logic to Inferred RAMs                                    ; On                 ; On                 ;
; Infer RAMs from Raw Logic                                                  ; On                 ; On                 ;
; Parallel Synthesis                                                         ; On                 ; On                 ;
; NOT Gate Push-Back                                                         ; On                 ; On                 ;
; Power-Up Don't Care                                                        ; On                 ; On                 ;
; Remove Redundant Logic Cells                                               ; Off                ; Off                ;
; Remove Duplicate Registers                                                 ; On                 ; On                 ;
; Ignore CARRY Buffers                                                       ; Off                ; Off                ;
; Ignore CASCADE Buffers                                                     ; Off                ; Off                ;
; Ignore GLOBAL Buffers                                                      ; Off                ; Off                ;
; Ignore ROW GLOBAL Buffers                                                  ; Off                ; Off                ;
; Ignore LCELL Buffers                                                       ; Off                ; Off                ;
; Ignore SOFT Buffers                                                        ; On                 ; On                 ;
; Limit AHDL Integers to 32 Bits                                             ; Off                ; Off                ;
; Optimization Technique                                                     ; Balanced           ; Balanced           ;
; Carry Chain Length                                                         ; 70                 ; 70                 ;
; Auto Carry Chains                                                          ; On                 ; On                 ;
; Auto Open-Drain Pins                                                       ; On                 ; On                 ;
; Perform WYSIWYG Primitive Resynthesis                                      ; Off                ; Off                ;
; Auto Shift Register Replacement                                            ; Auto               ; Auto               ;
; Allow Shift Register Merging across Hierarchies                            ; Auto               ; Auto               ;
; Auto Clock Enable Replacement                                              ; On                 ; On                 ;
; Allow Synchronous Control Signals                                          ; On                 ; On                 ;
; Force Use of Synchronous Clear Signals                                     ; Off                ; Off                ;
; Auto Resource Sharing                                                      ; Off                ; Off                ;
; Use LogicLock Constraints during Resource Balancing                        ; On                 ; On                 ;
; Ignore translate_off and synthesis_off directives                          ; Off                ; Off                ;
; Report Parameter Settings                                                  ; On                 ; On                 ;
; Report Source Assignments                                                  ; On                 ; On                 ;
; Report Connectivity Checks                                                 ; On                 ; On                 ;
; Ignore Maximum Fan-Out Assignments                                         ; Off                ; Off                ;
; Synchronization Register Chain Length                                      ; 2                  ; 2                  ;
; PowerPlay Power Optimization                                               ; Normal compilation ; Normal compilation ;
; HDL message level                                                          ; Level2             ; Level2             ;
; Suppress Register Optimization Related Messages                            ; Off                ; Off                ;
; Number of Removed Registers Reported in Synthesis Report                   ; 5000               ; 5000               ;
; Number of Swept Nodes Reported in Synthesis Report                         ; 5000               ; 5000               ;
; Number of Inverted Registers Reported in Synthesis Report                  ; 100                ; 100                ;
; Clock MUX Protection                                                       ; On                 ; On                 ;
; Block Design Naming                                                        ; Auto               ; Auto               ;
; Synthesis Effort                                                           ; Auto               ; Auto               ;
; Shift Register Replacement - Allow Asynchronous Clear Signal               ; On                 ; On                 ;
; Pre-Mapping Resynthesis Optimization                                       ; Off                ; Off                ;
; Analysis & Synthesis Message Level                                         ; Medium             ; Medium             ;
; Disable Register Merging Across Hierarchies                                ; Auto               ; Auto               ;
; Synthesis Seed                                                             ; 1                  ; 1                  ;
+----------------------------------------------------------------------------+--------------------+--------------------+


Parallel compilation was disabled, but you have multiple processors available. Enable parallel compilation to reduce compilation time.
+-------------------------------------+
; Parallel Compilation                ;
+----------------------------+--------+
; Processors                 ; Number ;
+----------------------------+--------+
; Number detected on machine ; 12     ;
; Maximum allowed            ; 1      ;
+----------------------------+--------+


+----------------------------------------------------------------------------------------------------------------------------------------------------------------------------------------------+
; Analysis & Synthesis Source Files Read                                                                                                                                                       ;
+----------------------------------+-----------------+-----------------+-------------------------------------------------------------------------------------------------------------+---------+
; File Name with User-Entered Path ; Used in Netlist ; File Type       ; File Name with Absolute Path                                                                                ; Library ;
+----------------------------------+-----------------+-----------------+-------------------------------------------------------------------------------------------------------------+---------+
; Main.vhd                         ; yes             ; User VHDL File  ; C:/Users/84778/OneDrive - Hanoi University of Science and Technology/Desktop/PRJ_FPGA/Group_x/Main.vhd      ;         ;
; ADC.vhd                          ; yes             ; User VHDL File  ; C:/Users/84778/OneDrive - Hanoi University of Science and Technology/Desktop/PRJ_FPGA/Group_x/ADC.vhd       ;         ;
; UART.vhd                         ; yes             ; User VHDL File  ; C:/Users/84778/OneDrive - Hanoi University of Science and Technology/Desktop/PRJ_FPGA/Group_x/UART.vhd      ;         ;
; LCD.vhd                          ; yes             ; User VHDL File  ; C:/Users/84778/OneDrive - Hanoi University of Science and Technology/Desktop/PRJ_FPGA/Group_x/LCD.vhd       ;         ;
; CONV_DATA.vhd                    ; yes             ; User VHDL File  ; C:/Users/84778/OneDrive - Hanoi University of Science and Technology/Desktop/PRJ_FPGA/Group_x/CONV_DATA.vhd ;         ;
+----------------------------------+-----------------+-----------------+-------------------------------------------------------------------------------------------------------------+---------+


+-----------------------------------------------------+
; Analysis & Synthesis Resource Usage Summary         ;
+---------------------------------------------+-------+
; Resource                                    ; Usage ;
+---------------------------------------------+-------+
; Total logic elements                        ; 232   ;
;     -- Combinational with no register       ; 140   ;
;     -- Register only                        ; 0     ;
;     -- Combinational with a register        ; 92    ;
;                                             ;       ;
; Logic element usage by number of LUT inputs ;       ;
;     -- 4 input functions                    ; 94    ;
;     -- 3 input functions                    ; 65    ;
;     -- 2 input functions                    ; 68    ;
;     -- 1 input functions                    ; 5     ;
;     -- 0 input functions                    ; 0     ;
;                                             ;       ;
; Logic elements by mode                      ;       ;
;     -- normal mode                          ; 178   ;
;     -- arithmetic mode                      ; 54    ;
;     -- qfbk mode                            ; 0     ;
;     -- register cascade mode                ; 0     ;
;     -- synchronous clear/load mode          ; 25    ;
;     -- asynchronous clear/load mode         ; 0     ;
;                                             ;       ;
; Total registers                             ; 92    ;
; Total logic cells in carry chains           ; 58    ;
; I/O pins                                    ; 25    ;
; Maximum fan-out node                        ; clk   ;
; Maximum fan-out                             ; 69    ;
; Total fan-out                               ; 872   ;
; Average fan-out                             ; 3.39  ;
+---------------------------------------------+-------+


+--------------------------------------------------------------------------------------------------------------------------------------------------------------------------------------------------------------------------------------+
; Analysis & Synthesis Resource Utilization by Entity                                                                                                                                                                                  ;
+--------------------------------+-------------+--------------+------------+------+--------------+--------------+-------------------+------------------+-----------------+------------+---------------------------------+--------------+
; Compilation Hierarchy Node     ; Logic Cells ; LC Registers ; UFM Blocks ; Pins ; Virtual Pins ; LUT-Only LCs ; Register-Only LCs ; LUT/Register LCs ; Carry Chain LCs ; Packed LCs ; Full Hierarchy Name             ; Library Name ;
+--------------------------------+-------------+--------------+------------+------+--------------+--------------+-------------------+------------------+-----------------+------------+---------------------------------+--------------+
; |Main                          ; 232 (0)     ; 92           ; 0          ; 25   ; 0            ; 140 (0)      ; 0 (0)             ; 92 (0)           ; 58 (0)          ; 0 (0)      ; |Main                           ; work         ;
;    |ADC:ADC_PORTMAP|           ; 68 (68)     ; 31           ; 0          ; 0    ; 0            ; 37 (37)      ; 0 (0)             ; 31 (31)          ; 26 (26)         ; 0 (0)      ; |Main|ADC:ADC_PORTMAP           ; work         ;
;    |CONV_DATA:CONVERSION_DATA| ; 23 (23)     ; 0            ; 0          ; 0    ; 0            ; 23 (23)      ; 0 (0)             ; 0 (0)            ; 0 (0)           ; 0 (0)      ; |Main|CONV_DATA:CONVERSION_DATA ; work         ;
;    |LCD:LCD_PORTMAP|           ; 86 (86)     ; 39           ; 0          ; 0    ; 0            ; 47 (47)      ; 0 (0)             ; 39 (39)          ; 22 (22)         ; 0 (0)      ; |Main|LCD:LCD_PORTMAP           ; work         ;
;    |UART:UART_PORTMAP|         ; 55 (55)     ; 22           ; 0          ; 0    ; 0            ; 33 (33)      ; 0 (0)             ; 22 (22)          ; 10 (10)         ; 0 (0)      ; |Main|UART:UART_PORTMAP         ; work         ;
+--------------------------------+-------------+--------------+------------+------+--------------+--------------+-------------------+------------------+-----------------+------------+---------------------------------+--------------+
Note: For table entries with two numbers listed, the numbers in parentheses indicate the number of resources of the given type used by the specific entity alone. The numbers listed outside of parentheses indicate the total resources of the given type used by the specific entity and all of its sub-entities in the hierarchy.


Encoding Type:  One-Hot
+--------------------------------------------------------------------------------------------------------------------------------+
; State Machine - |Main|UART:UART_PORTMAP|state_uart                                                                             ;
+----------------------+--------------------+---------------------+---------------------+----------------------+-----------------+
; Name                 ; state_uart.stop_ok ; state_uart.bit_stop ; state_uart.bit_data ; state_uart.bit_start ; state_uart.INIT ;
+----------------------+--------------------+---------------------+---------------------+----------------------+-----------------+
; state_uart.INIT      ; 0                  ; 0                   ; 0                   ; 0                    ; 0               ;
; state_uart.bit_start ; 0                  ; 0                   ; 0                   ; 1                    ; 1               ;
; state_uart.bit_data  ; 0                  ; 0                   ; 1                   ; 0                    ; 1               ;
; state_uart.bit_stop  ; 0                  ; 1                   ; 0                   ; 0                    ; 1               ;
; state_uart.stop_ok   ; 1                  ; 0                   ; 0                   ; 0                    ; 1               ;
+----------------------+--------------------+---------------------+---------------------+----------------------+-----------------+


Encoding Type:  One-Hot
+------------------------------------------------------------------------------+
; State Machine - |Main|LCD:LCD_PORTMAP|state                                  ;
+--------------------+-------------------+----------------+--------------------+
; Name               ; state.lcd_display ; state.lcd_init ; state.lcd_power_up ;
+--------------------+-------------------+----------------+--------------------+
; state.lcd_power_up ; 0                 ; 0              ; 0                  ;
; state.lcd_init     ; 0                 ; 1              ; 1                  ;
; state.lcd_display  ; 1                 ; 0              ; 1                  ;
+--------------------+-------------------+----------------+--------------------+


+--------------------------------------------------------------------------------+
; Registers Removed During Synthesis                                             ;
+---------------------------------------+----------------------------------------+
; Register name                         ; Reason for Removal                     ;
+---------------------------------------+----------------------------------------+
; UART:UART_PORTMAP|cnt[9..13]          ; Stuck at GND due to stuck port data_in ;
; Total Number of Removed Registers = 5 ;                                        ;
+---------------------------------------+----------------------------------------+


+-------------------------------------------------------------------------------------------------------------+
; Removed Registers Triggering Further Register Optimizations                                                 ;
+---------------------------+---------------------------+-----------------------------------------------------+
; Register name             ; Reason for Removal        ; Registers Removed due to This Register              ;
+---------------------------+---------------------------+-----------------------------------------------------+
; UART:UART_PORTMAP|cnt[13] ; Stuck at GND              ; UART:UART_PORTMAP|cnt[10], UART:UART_PORTMAP|cnt[9] ;
;                           ; due to stuck port data_in ;                                                     ;
+---------------------------+---------------------------+-----------------------------------------------------+


+------------------------------------------------------+
; General Register Statistics                          ;
+----------------------------------------------+-------+
; Statistic                                    ; Value ;
+----------------------------------------------+-------+
; Total registers                              ; 92    ;
; Number of registers using Synchronous Clear  ; 22    ;
; Number of registers using Synchronous Load   ; 3     ;
; Number of registers using Asynchronous Clear ; 0     ;
; Number of registers using Asynchronous Load  ; 0     ;
; Number of registers using Clock Enable       ; 26    ;
; Number of registers using Preset             ; 0     ;
+----------------------------------------------+-------+


+--------------------------------------------------+
; Inverted Register Statistics                     ;
+----------------------------------------+---------+
; Inverted Register                      ; Fan out ;
+----------------------------------------+---------+
; ADC:ADC_PORTMAP|wr                     ; 2       ;
; ADC:ADC_PORTMAP|rd                     ; 2       ;
; Total number of inverted registers = 2 ;         ;
+----------------------------------------+---------+


+--------------------------------------------------------------------------------------------------------------------------------------------------------+
; Multiplexer Restructuring Statistics (Restructuring Performed)                                                                                         ;
+--------------------+-----------+---------------+----------------------+------------------------+------------+------------------------------------------+
; Multiplexer Inputs ; Bus Width ; Baseline Area ; Area if Restructured ; Saving if Restructured ; Registered ; Example Multiplexer Output               ;
+--------------------+-----------+---------------+----------------------+------------------------+------------+------------------------------------------+
; 3:1                ; 2 bits    ; 4 LEs         ; 2 LEs                ; 2 LEs                  ; Yes        ; |Main|LCD:LCD_PORTMAP|data_to_display[4] ;
; 18:1               ; 3 bits    ; 36 LEs        ; 24 LEs               ; 12 LEs                 ; Yes        ; |Main|LCD:LCD_PORTMAP|data_to_display[0] ;
; 5:1                ; 14 bits   ; 42 LEs        ; 14 LEs               ; 28 LEs                 ; Yes        ; |Main|UART:UART_PORTMAP|cnt[9]           ;
; 6:1                ; 4 bits    ; 16 LEs        ; 4 LEs                ; 12 LEs                 ; Yes        ; |Main|UART:UART_PORTMAP|index[1]         ;
; 10:1               ; 22 bits   ; 132 LEs       ; 22 LEs               ; 110 LEs                ; Yes        ; |Main|LCD:LCD_PORTMAP|clk_count[7]       ;
; 11:1               ; 4 bits    ; 28 LEs        ; 8 LEs                ; 20 LEs                 ; Yes        ; |Main|LCD:LCD_PORTMAP|ptr[2]             ;
; 8:1                ; 2 bits    ; 10 LEs        ; 4 LEs                ; 6 LEs                  ; No         ; |Main|UART:UART_PORTMAP|Selector18       ;
; 10:1               ; 2 bits    ; 12 LEs        ; 4 LEs                ; 8 LEs                  ; No         ; |Main|UART:UART_PORTMAP|Selector16       ;
; 11:1               ; 2 bits    ; 14 LEs        ; 4 LEs                ; 10 LEs                 ; No         ; |Main|LCD:LCD_PORTMAP|Selector23         ;
+--------------------+-----------+---------------+----------------------+------------------------+------------+------------------------------------------+


+-------------------------------+
; Analysis & Synthesis Messages ;
+-------------------------------+
Info: *******************************************************************
Info: Running Quartus II 64-Bit Analysis & Synthesis
    Info: Version 13.0.1 Build 232 06/12/2013 Service Pack 1 SJ Web Edition
    Info: Processing started: Thu Jun 29 20:37:13 2023
Info: Command: quartus_map --read_settings_files=on --write_settings_files=off Project_Main -c Project_Main
Warning (20028): Parallel compilation is not licensed and has been disabled
Info (12021): Found 2 design units, including 1 entities, in source file main.vhd
    Info (12022): Found design unit 1: Main-behav
    Info (12023): Found entity 1: Main
Info (12021): Found 2 design units, including 1 entities, in source file adc.vhd
    Info (12022): Found design unit 1: ADC-behav
    Info (12023): Found entity 1: ADC
Info (12021): Found 2 design units, including 1 entities, in source file uart.vhd
    Info (12022): Found design unit 1: UART-behav
    Info (12023): Found entity 1: UART
Info (12021): Found 2 design units, including 1 entities, in source file lcd.vhd
    Info (12022): Found design unit 1: LCD-controller
    Info (12023): Found entity 1: LCD
Info (12021): Found 2 design units, including 1 entities, in source file conv_data.vhd
    Info (12022): Found design unit 1: CONV_DATA-converter
    Info (12023): Found entity 1: CONV_DATA
Info (12127): Elaborating entity "Main" for the top level hierarchy
Info (12128): Elaborating entity "LCD" for hierarchy "LCD:LCD_PORTMAP"
Info (12128): Elaborating entity "CONV_DATA" for hierarchy "CONV_DATA:CONVERSION_DATA"
Info (12128): Elaborating entity "ADC" for hierarchy "ADC:ADC_PORTMAP"
Info (12128): Elaborating entity "UART" for hierarchy "UART:UART_PORTMAP"
Warning (13024): Output pins are stuck at VCC or GND
    Warning (13410): Pin "lcd_rw" is stuck at GND
Info (21057): Implemented 257 device resources after synthesis - the final resource count might be different
    Info (21058): Implemented 10 input pins
    Info (21059): Implemented 15 output pins
    Info (21061): Implemented 232 logic cells
Info: Quartus II 64-Bit Analysis & Synthesis was successful. 0 errors, 3 warnings
    Info: Peak virtual memory: 4609 megabytes
    Info: Processing ended: Thu Jun 29 20:37:15 2023
    Info: Elapsed time: 00:00:02
    Info: Total CPU time (on all processors): 00:00:01


