Analysis & Synthesis report for PRJ_DSD
Sun Jun 18 21:49:14 2023
Quartus II 64-Bit Version 13.0.1 Build 232 06/12/2013 Service Pack 1 SJ Web Edition


---------------------
; Table of Contents ;
---------------------
  1. Legal Notice
  2. Analysis & Synthesis Summary
  3. Analysis & Synthesis Settings
  4. Parallel Compilation
  5. Analysis & Synthesis Source Files Read
  6. Analysis & Synthesis Resource Usage Summary
  7. Analysis & Synthesis Resource Utilization by Entity
  8. State Machine - |PRJ_DSD|UART_tx:UART_PORTMAP|state_uart
  9. State Machine - |PRJ_DSD|LCD_CT:LCD_CT_PORTMAP|state
 10. Registers Removed During Synthesis
 11. Removed Registers Triggering Further Register Optimizations
 12. General Register Statistics
 13. Inverted Register Statistics
 14. Multiplexer Restructuring Statistics (Restructuring Performed)
 15. Parameter Settings for Inferred Entity Instance: LCD_DATA:LCD_CONVERT_DATA|lpm_divide:Mod1
 16. Parameter Settings for Inferred Entity Instance: LCD_DATA:LCD_CONVERT_DATA|lpm_divide:Mod0
 17. Parameter Settings for Inferred Entity Instance: LCD_DATA:LCD_CONVERT_DATA|lpm_divide:Div0
 18. Parameter Settings for Inferred Entity Instance: LCD_DATA:LCD_CONVERT_DATA|lpm_mult:Mult0
 19. lpm_mult Parameter Settings by Entity Instance
 20. Port Connectivity Checks: "ADC_0808:ADC_PORTMAP"
 21. Elapsed Time Per Partition
 22. Analysis & Synthesis Messages



----------------
; Legal Notice ;
----------------
Copyright (C) 1991-2013 Altera Corporation
Your use of Altera Corporation's design tools, logic functions 
and other software and tools, and its AMPP partner logic 
functions, and any output files from any of the foregoing 
(including device programming or simulation files), and any 
associated documentation or information are expressly subject 
to the terms and conditions of the Altera Program License 
Subscription Agreement, Altera MegaCore Function License 
Agreement, or other applicable license agreement, including, 
without limitation, that your use is for the sole purpose of 
programming logic devices manufactured by Altera and sold by 
Altera or its authorized distributors.  Please refer to the 
applicable agreement for further details.



+--------------------------------------------------------------------------------------+
; Analysis & Synthesis Summary                                                         ;
+------------------------------------+-------------------------------------------------+
; Analysis & Synthesis Status        ; Successful - Sun Jun 18 21:49:14 2023           ;
; Quartus II 64-Bit Version          ; 13.0.1 Build 232 06/12/2013 SP 1 SJ Web Edition ;
; Revision Name                      ; PRJ_DSD                                         ;
; Top-level Entity Name              ; PRJ_DSD                                         ;
; Family                             ; Cyclone II                                      ;
; Total logic elements               ; 2,531                                           ;
;     Total combinational functions  ; 2,531                                           ;
;     Dedicated logic registers      ; 107                                             ;
; Total registers                    ; 107                                             ;
; Total pins                         ; 31                                              ;
; Total virtual pins                 ; 0                                               ;
; Total memory bits                  ; 0                                               ;
; Embedded Multiplier 9-bit elements ; 0                                               ;
; Total PLLs                         ; 0                                               ;
+------------------------------------+-------------------------------------------------+


+----------------------------------------------------------------------------------------------------------------------+
; Analysis & Synthesis Settings                                                                                        ;
+----------------------------------------------------------------------------+--------------------+--------------------+
; Option                                                                     ; Setting            ; Default Value      ;
+----------------------------------------------------------------------------+--------------------+--------------------+
; Device                                                                     ; EP2C70F896C6       ;                    ;
; Top-level entity name                                                      ; PRJ_DSD            ; PRJ_DSD            ;
; Family name                                                                ; Cyclone II         ; Cyclone IV GX      ;
; Use smart compilation                                                      ; Off                ; Off                ;
; Enable parallel Assembler and TimeQuest Timing Analyzer during compilation ; On                 ; On                 ;
; Enable compact report table                                                ; Off                ; Off                ;
; Restructure Multiplexers                                                   ; Auto               ; Auto               ;
; Create Debugging Nodes for IP Cores                                        ; Off                ; Off                ;
; Preserve fewer node names                                                  ; On                 ; On                 ;
; Disable OpenCore Plus hardware evaluation                                  ; Off                ; Off                ;
; Verilog Version                                                            ; Verilog_2001       ; Verilog_2001       ;
; VHDL Version                                                               ; VHDL_1993          ; VHDL_1993          ;
; State Machine Processing                                                   ; Auto               ; Auto               ;
; Safe State Machine                                                         ; Off                ; Off                ;
; Extract Verilog State Machines                                             ; On                 ; On                 ;
; Extract VHDL State Machines                                                ; On                 ; On                 ;
; Ignore Verilog initial constructs                                          ; Off                ; Off                ;
; Iteration limit for constant Verilog loops                                 ; 5000               ; 5000               ;
; Iteration limit for non-constant Verilog loops                             ; 250                ; 250                ;
; Add Pass-Through Logic to Inferred RAMs                                    ; On                 ; On                 ;
; Infer RAMs from Raw Logic                                                  ; On                 ; On                 ;
; Parallel Synthesis                                                         ; On                 ; On                 ;
; DSP Block Balancing                                                        ; Auto               ; Auto               ;
; NOT Gate Push-Back                                                         ; On                 ; On                 ;
; Power-Up Don't Care                                                        ; On                 ; On                 ;
; Remove Redundant Logic Cells                                               ; Off                ; Off                ;
; Remove Duplicate Registers                                                 ; On                 ; On                 ;
; Ignore CARRY Buffers                                                       ; Off                ; Off                ;
; Ignore CASCADE Buffers                                                     ; Off                ; Off                ;
; Ignore GLOBAL Buffers                                                      ; Off                ; Off                ;
; Ignore ROW GLOBAL Buffers                                                  ; Off                ; Off                ;
; Ignore LCELL Buffers                                                       ; Off                ; Off                ;
; Ignore SOFT Buffers                                                        ; On                 ; On                 ;
; Limit AHDL Integers to 32 Bits                                             ; Off                ; Off                ;
; Optimization Technique                                                     ; Balanced           ; Balanced           ;
; Carry Chain Length                                                         ; 70                 ; 70                 ;
; Auto Carry Chains                                                          ; On                 ; On                 ;
; Auto Open-Drain Pins                                                       ; On                 ; On                 ;
; Perform WYSIWYG Primitive Resynthesis                                      ; Off                ; Off                ;
; Auto ROM Replacement                                                       ; On                 ; On                 ;
; Auto RAM Replacement                                                       ; On                 ; On                 ;
; Auto Shift Register Replacement                                            ; Auto               ; Auto               ;
; Allow Shift Register Merging across Hierarchies                            ; Auto               ; Auto               ;
; Auto Clock Enable Replacement                                              ; On                 ; On                 ;
; Strict RAM Replacement                                                     ; Off                ; Off                ;
; Allow Synchronous Control Signals                                          ; On                 ; On                 ;
; Force Use of Synchronous Clear Signals                                     ; Off                ; Off                ;
; Auto RAM to Logic Cell Conversion                                          ; Off                ; Off                ;
; Auto Resource Sharing                                                      ; Off                ; Off                ;
; Allow Any RAM Size For Recognition                                         ; Off                ; Off                ;
; Allow Any ROM Size For Recognition                                         ; Off                ; Off                ;
; Allow Any Shift Register Size For Recognition                              ; Off                ; Off                ;
; Use LogicLock Constraints during Resource Balancing                        ; On                 ; On                 ;
; Ignore translate_off and synthesis_off directives                          ; Off                ; Off                ;
; Timing-Driven Synthesis                                                    ; Off                ; Off                ;
; Report Parameter Settings                                                  ; On                 ; On                 ;
; Report Source Assignments                                                  ; On                 ; On                 ;
; Report Connectivity Checks                                                 ; On                 ; On                 ;
; Ignore Maximum Fan-Out Assignments                                         ; Off                ; Off                ;
; Synchronization Register Chain Length                                      ; 2                  ; 2                  ;
; PowerPlay Power Optimization                                               ; Normal compilation ; Normal compilation ;
; HDL message level                                                          ; Level2             ; Level2             ;
; Suppress Register Optimization Related Messages                            ; Off                ; Off                ;
; Number of Removed Registers Reported in Synthesis Report                   ; 5000               ; 5000               ;
; Number of Swept Nodes Reported in Synthesis Report                         ; 5000               ; 5000               ;
; Number of Inverted Registers Reported in Synthesis Report                  ; 100                ; 100                ;
; Clock MUX Protection                                                       ; On                 ; On                 ;
; Auto Gated Clock Conversion                                                ; Off                ; Off                ;
; Block Design Naming                                                        ; Auto               ; Auto               ;
; SDC constraint protection                                                  ; Off                ; Off                ;
; Synthesis Effort                                                           ; Auto               ; Auto               ;
; Shift Register Replacement - Allow Asynchronous Clear Signal               ; On                 ; On                 ;
; Pre-Mapping Resynthesis Optimization                                       ; Off                ; Off                ;
; Analysis & Synthesis Message Level                                         ; Medium             ; Medium             ;
; Disable Register Merging Across Hierarchies                                ; Auto               ; Auto               ;
; Resource Aware Inference For Block RAM                                     ; On                 ; On                 ;
; Synthesis Seed                                                             ; 1                  ; 1                  ;
+----------------------------------------------------------------------------+--------------------+--------------------+


Parallel compilation was disabled, but you have multiple processors available. Enable parallel compilation to reduce compilation time.
+-------------------------------------+
; Parallel Compilation                ;
+----------------------------+--------+
; Processors                 ; Number ;
+----------------------------+--------+
; Number detected on machine ; 12     ;
; Maximum allowed            ; 1      ;
+----------------------------+--------+


+---------------------------------------------------------------------------------------------------------------------------------------------------------------------------------------------------------------------+
; Analysis & Synthesis Source Files Read                                                                                                                                                                              ;
+----------------------------------+-----------------+------------------------------+-----------------------------------------------------------------------------------------------------------------------+---------+
; File Name with User-Entered Path ; Used in Netlist ; File Type                    ; File Name with Absolute Path                                                                                          ; Library ;
+----------------------------------+-----------------+------------------------------+-----------------------------------------------------------------------------------------------------------------------+---------+
; ADC_0808.vhd                     ; yes             ; User VHDL File               ; C:/Users/84778/OneDrive - Hanoi University of Science and Technology/Desktop/PRJ_FPGA/DSD_VHDL/ADC_0808.vhd           ;         ;
; LCD_CT.vhd                       ; yes             ; User VHDL File               ; C:/Users/84778/OneDrive - Hanoi University of Science and Technology/Desktop/PRJ_FPGA/DSD_VHDL/LCD_CT.vhd             ;         ;
; LCD_DATA.vhd                     ; yes             ; User VHDL File               ; C:/Users/84778/OneDrive - Hanoi University of Science and Technology/Desktop/PRJ_FPGA/DSD_VHDL/LCD_DATA.vhd           ;         ;
; UART_tx.vhd                      ; yes             ; User VHDL File               ; C:/Users/84778/OneDrive - Hanoi University of Science and Technology/Desktop/PRJ_FPGA/DSD_VHDL/UART_tx.vhd            ;         ;
; PRJ_DSD.vhd                      ; yes             ; User VHDL File               ; C:/Users/84778/OneDrive - Hanoi University of Science and Technology/Desktop/PRJ_FPGA/DSD_VHDL/PRJ_DSD.vhd            ;         ;
; DIV_clk.vhd                      ; yes             ; User VHDL File               ; C:/Users/84778/OneDrive - Hanoi University of Science and Technology/Desktop/PRJ_FPGA/DSD_VHDL/DIV_clk.vhd            ;         ;
; lpm_divide.tdf                   ; yes             ; Megafunction                 ; c:/altera/13.0sp1/quartus/libraries/megafunctions/lpm_divide.tdf                                                      ;         ;
; abs_divider.inc                  ; yes             ; Megafunction                 ; c:/altera/13.0sp1/quartus/libraries/megafunctions/abs_divider.inc                                                     ;         ;
; sign_div_unsign.inc              ; yes             ; Megafunction                 ; c:/altera/13.0sp1/quartus/libraries/megafunctions/sign_div_unsign.inc                                                 ;         ;
; aglobal130.inc                   ; yes             ; Megafunction                 ; c:/altera/13.0sp1/quartus/libraries/megafunctions/aglobal130.inc                                                      ;         ;
; db/lpm_divide_qlo.tdf            ; yes             ; Auto-Generated Megafunction  ; C:/Users/84778/OneDrive - Hanoi University of Science and Technology/Desktop/PRJ_FPGA/DSD_VHDL/db/lpm_divide_qlo.tdf  ;         ;
; db/abs_divider_4dg.tdf           ; yes             ; Auto-Generated Megafunction  ; C:/Users/84778/OneDrive - Hanoi University of Science and Technology/Desktop/PRJ_FPGA/DSD_VHDL/db/abs_divider_4dg.tdf ;         ;
; db/alt_u_div_k5f.tdf             ; yes             ; Auto-Generated Megafunction  ; C:/Users/84778/OneDrive - Hanoi University of Science and Technology/Desktop/PRJ_FPGA/DSD_VHDL/db/alt_u_div_k5f.tdf   ;         ;
; db/add_sub_lkc.tdf               ; yes             ; Auto-Generated Megafunction  ; C:/Users/84778/OneDrive - Hanoi University of Science and Technology/Desktop/PRJ_FPGA/DSD_VHDL/db/add_sub_lkc.tdf     ;         ;
; db/add_sub_mkc.tdf               ; yes             ; Auto-Generated Megafunction  ; C:/Users/84778/OneDrive - Hanoi University of Science and Technology/Desktop/PRJ_FPGA/DSD_VHDL/db/add_sub_mkc.tdf     ;         ;
; db/lpm_abs_0s9.tdf               ; yes             ; Auto-Generated Megafunction  ; C:/Users/84778/OneDrive - Hanoi University of Science and Technology/Desktop/PRJ_FPGA/DSD_VHDL/db/lpm_abs_0s9.tdf     ;         ;
; db/lpm_divide_7so.tdf            ; yes             ; Auto-Generated Megafunction  ; C:/Users/84778/OneDrive - Hanoi University of Science and Technology/Desktop/PRJ_FPGA/DSD_VHDL/db/lpm_divide_7so.tdf  ;         ;
; db/abs_divider_kbg.tdf           ; yes             ; Auto-Generated Megafunction  ; C:/Users/84778/OneDrive - Hanoi University of Science and Technology/Desktop/PRJ_FPGA/DSD_VHDL/db/abs_divider_kbg.tdf ;         ;
; db/alt_u_div_k2f.tdf             ; yes             ; Auto-Generated Megafunction  ; C:/Users/84778/OneDrive - Hanoi University of Science and Technology/Desktop/PRJ_FPGA/DSD_VHDL/db/alt_u_div_k2f.tdf   ;         ;
; db/lpm_abs_gq9.tdf               ; yes             ; Auto-Generated Megafunction  ; C:/Users/84778/OneDrive - Hanoi University of Science and Technology/Desktop/PRJ_FPGA/DSD_VHDL/db/lpm_abs_gq9.tdf     ;         ;
; lpm_mult.tdf                     ; yes             ; Megafunction                 ; c:/altera/13.0sp1/quartus/libraries/megafunctions/lpm_mult.tdf                                                        ;         ;
; lpm_add_sub.inc                  ; yes             ; Megafunction                 ; c:/altera/13.0sp1/quartus/libraries/megafunctions/lpm_add_sub.inc                                                     ;         ;
; multcore.inc                     ; yes             ; Megafunction                 ; c:/altera/13.0sp1/quartus/libraries/megafunctions/multcore.inc                                                        ;         ;
; bypassff.inc                     ; yes             ; Megafunction                 ; c:/altera/13.0sp1/quartus/libraries/megafunctions/bypassff.inc                                                        ;         ;
; altshift.inc                     ; yes             ; Megafunction                 ; c:/altera/13.0sp1/quartus/libraries/megafunctions/altshift.inc                                                        ;         ;
; multcore.tdf                     ; yes             ; Megafunction                 ; c:/altera/13.0sp1/quartus/libraries/megafunctions/multcore.tdf                                                        ;         ;
; csa_add.inc                      ; yes             ; Megafunction                 ; c:/altera/13.0sp1/quartus/libraries/megafunctions/csa_add.inc                                                         ;         ;
; mpar_add.inc                     ; yes             ; Megafunction                 ; c:/altera/13.0sp1/quartus/libraries/megafunctions/mpar_add.inc                                                        ;         ;
; muleabz.inc                      ; yes             ; Megafunction                 ; c:/altera/13.0sp1/quartus/libraries/megafunctions/muleabz.inc                                                         ;         ;
; mul_lfrg.inc                     ; yes             ; Megafunction                 ; c:/altera/13.0sp1/quartus/libraries/megafunctions/mul_lfrg.inc                                                        ;         ;
; mul_boothc.inc                   ; yes             ; Megafunction                 ; c:/altera/13.0sp1/quartus/libraries/megafunctions/mul_boothc.inc                                                      ;         ;
; alt_ded_mult.inc                 ; yes             ; Megafunction                 ; c:/altera/13.0sp1/quartus/libraries/megafunctions/alt_ded_mult.inc                                                    ;         ;
; alt_ded_mult_y.inc               ; yes             ; Megafunction                 ; c:/altera/13.0sp1/quartus/libraries/megafunctions/alt_ded_mult_y.inc                                                  ;         ;
; dffpipe.inc                      ; yes             ; Megafunction                 ; c:/altera/13.0sp1/quartus/libraries/megafunctions/dffpipe.inc                                                         ;         ;
; mpar_add.tdf                     ; yes             ; Megafunction                 ; c:/altera/13.0sp1/quartus/libraries/megafunctions/mpar_add.tdf                                                        ;         ;
; lpm_add_sub.tdf                  ; yes             ; Megafunction                 ; c:/altera/13.0sp1/quartus/libraries/megafunctions/lpm_add_sub.tdf                                                     ;         ;
; addcore.inc                      ; yes             ; Megafunction                 ; c:/altera/13.0sp1/quartus/libraries/megafunctions/addcore.inc                                                         ;         ;
; look_add.inc                     ; yes             ; Megafunction                 ; c:/altera/13.0sp1/quartus/libraries/megafunctions/look_add.inc                                                        ;         ;
; alt_stratix_add_sub.inc          ; yes             ; Megafunction                 ; c:/altera/13.0sp1/quartus/libraries/megafunctions/alt_stratix_add_sub.inc                                             ;         ;
; db/add_sub_05h.tdf               ; yes             ; Auto-Generated Megafunction  ; C:/Users/84778/OneDrive - Hanoi University of Science and Technology/Desktop/PRJ_FPGA/DSD_VHDL/db/add_sub_05h.tdf     ;         ;
; db/add_sub_ufh.tdf               ; yes             ; Auto-Generated Megafunction  ; C:/Users/84778/OneDrive - Hanoi University of Science and Technology/Desktop/PRJ_FPGA/DSD_VHDL/db/add_sub_ufh.tdf     ;         ;
; altshift.tdf                     ; yes             ; Megafunction                 ; c:/altera/13.0sp1/quartus/libraries/megafunctions/altshift.tdf                                                        ;         ;
+----------------------------------+-----------------+------------------------------+-----------------------------------------------------------------------------------------------------------------------+---------+


+---------------------------------------------------------------------------------+
; Analysis & Synthesis Resource Usage Summary                                     ;
+---------------------------------------------+-----------------------------------+
; Resource                                    ; Usage                             ;
+---------------------------------------------+-----------------------------------+
; Estimated Total logic elements              ; 2,531                             ;
;                                             ;                                   ;
; Total combinational functions               ; 2531                              ;
; Logic element usage by number of LUT inputs ;                                   ;
;     -- 4 input functions                    ; 785                               ;
;     -- 3 input functions                    ; 759                               ;
;     -- <=2 input functions                  ; 987                               ;
;                                             ;                                   ;
; Logic elements by mode                      ;                                   ;
;     -- normal mode                          ; 1692                              ;
;     -- arithmetic mode                      ; 839                               ;
;                                             ;                                   ;
; Total registers                             ; 107                               ;
;     -- Dedicated logic registers            ; 107                               ;
;     -- I/O registers                        ; 0                                 ;
;                                             ;                                   ;
; I/O pins                                    ; 31                                ;
; Embedded Multiplier 9-bit elements          ; 0                                 ;
; Maximum fan-out node                        ; LCD_DATA:LCD_CONVERT_DATA|Add2~24 ;
; Maximum fan-out                             ; 92                                ;
; Total fan-out                               ; 7503                              ;
; Average fan-out                             ; 2.81                              ;
+---------------------------------------------+-----------------------------------+


+------------------------------------------------------------------------------------------------------------------------------------------------------------------------------------------------------------------------------------------------------------------------------------------------------------------------------------------+
; Analysis & Synthesis Resource Utilization by Entity                                                                                                                                                                                                                                                                                      ;
+---------------------------------------------------+-------------------+--------------+-------------+--------------+---------+-----------+------+--------------+-----------------------------------------------------------------------------------------------------------------------------------------------------------+--------------+
; Compilation Hierarchy Node                        ; LC Combinationals ; LC Registers ; Memory Bits ; DSP Elements ; DSP 9x9 ; DSP 18x18 ; Pins ; Virtual Pins ; Full Hierarchy Name                                                                                                                                       ; Library Name ;
+---------------------------------------------------+-------------------+--------------+-------------+--------------+---------+-----------+------+--------------+-----------------------------------------------------------------------------------------------------------------------------------------------------------+--------------+
; |PRJ_DSD                                          ; 2531 (0)          ; 107 (0)      ; 0           ; 0            ; 0       ; 0         ; 31   ; 0            ; |PRJ_DSD                                                                                                                                                  ; work         ;
;    |ADC_0808:ADC_PORTMAP|                         ; 56 (56)           ; 23 (23)      ; 0           ; 0            ; 0       ; 0         ; 0    ; 0            ; |PRJ_DSD|ADC_0808:ADC_PORTMAP                                                                                                                             ; work         ;
;    |DIV_clk:DIV_CLK_PORTMAP|                      ; 18 (18)           ; 8 (8)        ; 0           ; 0            ; 0       ; 0         ; 0    ; 0            ; |PRJ_DSD|DIV_clk:DIV_CLK_PORTMAP                                                                                                                          ; work         ;
;    |LCD_CT:LCD_CT_PORTMAP|                        ; 229 (229)         ; 54 (54)      ; 0           ; 0            ; 0       ; 0         ; 0    ; 0            ; |PRJ_DSD|LCD_CT:LCD_CT_PORTMAP                                                                                                                            ; work         ;
;    |LCD_DATA:LCD_CONVERT_DATA|                    ; 2171 (93)         ; 0 (0)        ; 0           ; 0            ; 0       ; 0         ; 0    ; 0            ; |PRJ_DSD|LCD_DATA:LCD_CONVERT_DATA                                                                                                                        ; work         ;
;       |lpm_divide:Div0|                           ; 503 (0)           ; 0 (0)        ; 0           ; 0            ; 0       ; 0         ; 0    ; 0            ; |PRJ_DSD|LCD_DATA:LCD_CONVERT_DATA|lpm_divide:Div0                                                                                                        ; work         ;
;          |lpm_divide_7so:auto_generated|          ; 503 (0)           ; 0 (0)        ; 0           ; 0            ; 0       ; 0         ; 0    ; 0            ; |PRJ_DSD|LCD_DATA:LCD_CONVERT_DATA|lpm_divide:Div0|lpm_divide_7so:auto_generated                                                                          ; work         ;
;             |abs_divider_kbg:divider|             ; 503 (8)           ; 0 (0)        ; 0           ; 0            ; 0       ; 0         ; 0    ; 0            ; |PRJ_DSD|LCD_DATA:LCD_CONVERT_DATA|lpm_divide:Div0|lpm_divide_7so:auto_generated|abs_divider_kbg:divider                                                  ; work         ;
;                |alt_u_div_k2f:divider|            ; 449 (449)         ; 0 (0)        ; 0           ; 0            ; 0       ; 0         ; 0    ; 0            ; |PRJ_DSD|LCD_DATA:LCD_CONVERT_DATA|lpm_divide:Div0|lpm_divide_7so:auto_generated|abs_divider_kbg:divider|alt_u_div_k2f:divider                            ; work         ;
;                |lpm_abs_0s9:my_abs_num|           ; 46 (46)           ; 0 (0)        ; 0           ; 0            ; 0       ; 0         ; 0    ; 0            ; |PRJ_DSD|LCD_DATA:LCD_CONVERT_DATA|lpm_divide:Div0|lpm_divide_7so:auto_generated|abs_divider_kbg:divider|lpm_abs_0s9:my_abs_num                           ; work         ;
;       |lpm_divide:Mod0|                           ; 723 (0)           ; 0 (0)        ; 0           ; 0            ; 0       ; 0         ; 0    ; 0            ; |PRJ_DSD|LCD_DATA:LCD_CONVERT_DATA|lpm_divide:Mod0                                                                                                        ; work         ;
;          |lpm_divide_qlo:auto_generated|          ; 723 (0)           ; 0 (0)        ; 0           ; 0            ; 0       ; 0         ; 0    ; 0            ; |PRJ_DSD|LCD_DATA:LCD_CONVERT_DATA|lpm_divide:Mod0|lpm_divide_qlo:auto_generated                                                                          ; work         ;
;             |abs_divider_4dg:divider|             ; 723 (63)          ; 0 (0)        ; 0           ; 0            ; 0       ; 0         ; 0    ; 0            ; |PRJ_DSD|LCD_DATA:LCD_CONVERT_DATA|lpm_divide:Mod0|lpm_divide_qlo:auto_generated|abs_divider_4dg:divider                                                  ; work         ;
;                |alt_u_div_k5f:divider|            ; 647 (647)         ; 0 (0)        ; 0           ; 0            ; 0       ; 0         ; 0    ; 0            ; |PRJ_DSD|LCD_DATA:LCD_CONVERT_DATA|lpm_divide:Mod0|lpm_divide_qlo:auto_generated|abs_divider_4dg:divider|alt_u_div_k5f:divider                            ; work         ;
;                |lpm_abs_0s9:my_abs_num|           ; 13 (13)           ; 0 (0)        ; 0           ; 0            ; 0       ; 0         ; 0    ; 0            ; |PRJ_DSD|LCD_DATA:LCD_CONVERT_DATA|lpm_divide:Mod0|lpm_divide_qlo:auto_generated|abs_divider_4dg:divider|lpm_abs_0s9:my_abs_num                           ; work         ;
;       |lpm_divide:Mod1|                           ; 817 (0)           ; 0 (0)        ; 0           ; 0            ; 0       ; 0         ; 0    ; 0            ; |PRJ_DSD|LCD_DATA:LCD_CONVERT_DATA|lpm_divide:Mod1                                                                                                        ; work         ;
;          |lpm_divide_qlo:auto_generated|          ; 817 (0)           ; 0 (0)        ; 0           ; 0            ; 0       ; 0         ; 0    ; 0            ; |PRJ_DSD|LCD_DATA:LCD_CONVERT_DATA|lpm_divide:Mod1|lpm_divide_qlo:auto_generated                                                                          ; work         ;
;             |abs_divider_4dg:divider|             ; 817 (8)           ; 0 (0)        ; 0           ; 0            ; 0       ; 0         ; 0    ; 0            ; |PRJ_DSD|LCD_DATA:LCD_CONVERT_DATA|lpm_divide:Mod1|lpm_divide_qlo:auto_generated|abs_divider_4dg:divider                                                  ; work         ;
;                |alt_u_div_k5f:divider|            ; 803 (803)         ; 0 (0)        ; 0           ; 0            ; 0       ; 0         ; 0    ; 0            ; |PRJ_DSD|LCD_DATA:LCD_CONVERT_DATA|lpm_divide:Mod1|lpm_divide_qlo:auto_generated|abs_divider_4dg:divider|alt_u_div_k5f:divider                            ; work         ;
;                |lpm_abs_0s9:my_abs_num|           ; 6 (6)             ; 0 (0)        ; 0           ; 0            ; 0       ; 0         ; 0    ; 0            ; |PRJ_DSD|LCD_DATA:LCD_CONVERT_DATA|lpm_divide:Mod1|lpm_divide_qlo:auto_generated|abs_divider_4dg:divider|lpm_abs_0s9:my_abs_num                           ; work         ;
;       |lpm_mult:Mult0|                            ; 35 (0)            ; 0 (0)        ; 0           ; 0            ; 0       ; 0         ; 0    ; 0            ; |PRJ_DSD|LCD_DATA:LCD_CONVERT_DATA|lpm_mult:Mult0                                                                                                         ; work         ;
;          |multcore:mult_core|                     ; 35 (15)           ; 0 (0)        ; 0           ; 0            ; 0       ; 0         ; 0    ; 0            ; |PRJ_DSD|LCD_DATA:LCD_CONVERT_DATA|lpm_mult:Mult0|multcore:mult_core                                                                                      ; work         ;
;             |mpar_add:padder|                     ; 20 (0)            ; 0 (0)        ; 0           ; 0            ; 0       ; 0         ; 0    ; 0            ; |PRJ_DSD|LCD_DATA:LCD_CONVERT_DATA|lpm_mult:Mult0|multcore:mult_core|mpar_add:padder                                                                      ; work         ;
;                |lpm_add_sub:adder[0]|             ; 10 (0)            ; 0 (0)        ; 0           ; 0            ; 0       ; 0         ; 0    ; 0            ; |PRJ_DSD|LCD_DATA:LCD_CONVERT_DATA|lpm_mult:Mult0|multcore:mult_core|mpar_add:padder|lpm_add_sub:adder[0]                                                 ; work         ;
;                   |add_sub_05h:auto_generated|    ; 10 (10)           ; 0 (0)        ; 0           ; 0            ; 0       ; 0         ; 0    ; 0            ; |PRJ_DSD|LCD_DATA:LCD_CONVERT_DATA|lpm_mult:Mult0|multcore:mult_core|mpar_add:padder|lpm_add_sub:adder[0]|add_sub_05h:auto_generated                      ; work         ;
;                |mpar_add:sub_par_add|             ; 10 (0)            ; 0 (0)        ; 0           ; 0            ; 0       ; 0         ; 0    ; 0            ; |PRJ_DSD|LCD_DATA:LCD_CONVERT_DATA|lpm_mult:Mult0|multcore:mult_core|mpar_add:padder|mpar_add:sub_par_add                                                 ; work         ;
;                   |lpm_add_sub:adder[0]|          ; 10 (0)            ; 0 (0)        ; 0           ; 0            ; 0       ; 0         ; 0    ; 0            ; |PRJ_DSD|LCD_DATA:LCD_CONVERT_DATA|lpm_mult:Mult0|multcore:mult_core|mpar_add:padder|mpar_add:sub_par_add|lpm_add_sub:adder[0]                            ; work         ;
;                      |add_sub_ufh:auto_generated| ; 10 (10)           ; 0 (0)        ; 0           ; 0            ; 0       ; 0         ; 0    ; 0            ; |PRJ_DSD|LCD_DATA:LCD_CONVERT_DATA|lpm_mult:Mult0|multcore:mult_core|mpar_add:padder|mpar_add:sub_par_add|lpm_add_sub:adder[0]|add_sub_ufh:auto_generated ; work         ;
;    |UART_tx:UART_PORTMAP|                         ; 57 (57)           ; 22 (22)      ; 0           ; 0            ; 0       ; 0         ; 0    ; 0            ; |PRJ_DSD|UART_tx:UART_PORTMAP                                                                                                                             ; work         ;
+---------------------------------------------------+-------------------+--------------+-------------+--------------+---------+-----------+------+--------------+-----------------------------------------------------------------------------------------------------------------------------------------------------------+--------------+
Note: For table entries with two numbers listed, the numbers in parentheses indicate the number of resources of the given type used by the specific entity alone. The numbers listed outside of parentheses indicate the total resources of the given type used by the specific entity and all of its sub-entities in the hierarchy.


Encoding Type:  One-Hot
+-----------------------------------------------------------------------------------------------------------------------------------+
; State Machine - |PRJ_DSD|UART_tx:UART_PORTMAP|state_uart                                                                          ;
+----------------------+----------------------+---------------------+----------------------+----------------------+-----------------+
; Name                 ; state_uart.TERMINATE ; state_uart.STOP_BIT ; state_uart.DATA_BITS ; state_uart.START_BIT ; state_uart.IDLE ;
+----------------------+----------------------+---------------------+----------------------+----------------------+-----------------+
; state_uart.IDLE      ; 0                    ; 0                   ; 0                    ; 0                    ; 0               ;
; state_uart.START_BIT ; 0                    ; 0                   ; 0                    ; 1                    ; 1               ;
; state_uart.DATA_BITS ; 0                    ; 0                   ; 1                    ; 0                    ; 1               ;
; state_uart.STOP_BIT  ; 0                    ; 1                   ; 0                    ; 0                    ; 1               ;
; state_uart.TERMINATE ; 1                    ; 0                   ; 0                    ; 0                    ; 1               ;
+----------------------+----------------------+---------------------+----------------------+----------------------+-----------------+


Encoding Type:  One-Hot
+-----------------------------------------------------------------------------------------------------------------+
; State Machine - |PRJ_DSD|LCD_CT:LCD_CT_PORTMAP|state                                                            ;
+------------------+------------+-------------+-------------+-----------------+------------------+----------------+
; Name             ; state.send ; state.line2 ; state.line1 ; state.RESETLINE ; state.initialize ; state.power_up ;
+------------------+------------+-------------+-------------+-----------------+------------------+----------------+
; state.power_up   ; 0          ; 0           ; 0           ; 0               ; 0                ; 0              ;
; state.initialize ; 0          ; 0           ; 0           ; 0               ; 1                ; 1              ;
; state.RESETLINE  ; 0          ; 0           ; 0           ; 1               ; 0                ; 1              ;
; state.line1      ; 0          ; 0           ; 1           ; 0               ; 0                ; 1              ;
; state.line2      ; 0          ; 1           ; 0           ; 0               ; 0                ; 1              ;
; state.send       ; 1          ; 0           ; 0           ; 0               ; 0                ; 1              ;
+------------------+------------+-------------+-------------+-----------------+------------------+----------------+


+--------------------------------------------------------------------------------+
; Registers Removed During Synthesis                                             ;
+---------------------------------------+----------------------------------------+
; Register name                         ; Reason for Removal                     ;
+---------------------------------------+----------------------------------------+
; ADC_0808:ADC_PORTMAP|ale              ; Merged with ADC_0808:ADC_PORTMAP|start ;
; LCD_CT:LCD_CT_PORTMAP|rw              ; Stuck at GND due to stuck port data_in ;
; UART_tx:UART_PORTMAP|cnt[11..13]      ; Stuck at GND due to stuck port data_in ;
; DIV_clk:DIV_CLK_PORTMAP|cnt[7]        ; Stuck at GND due to stuck port data_in ;
; UART_tx:UART_PORTMAP|cnt[9,10]        ; Stuck at GND due to stuck port data_in ;
; Total Number of Removed Registers = 8 ;                                        ;
+---------------------------------------+----------------------------------------+


+----------------------------------------------------------------------------------------------------------------------+
; Removed Registers Triggering Further Register Optimizations                                                          ;
+------------------------------+---------------------------+-----------------------------------------------------------+
; Register name                ; Reason for Removal        ; Registers Removed due to This Register                    ;
+------------------------------+---------------------------+-----------------------------------------------------------+
; UART_tx:UART_PORTMAP|cnt[13] ; Stuck at GND              ; UART_tx:UART_PORTMAP|cnt[10], UART_tx:UART_PORTMAP|cnt[9] ;
;                              ; due to stuck port data_in ;                                                           ;
+------------------------------+---------------------------+-----------------------------------------------------------+


+------------------------------------------------------+
; General Register Statistics                          ;
+----------------------------------------------+-------+
; Statistic                                    ; Value ;
+----------------------------------------------+-------+
; Total registers                              ; 107   ;
; Number of registers using Synchronous Clear  ; 0     ;
; Number of registers using Synchronous Load   ; 4     ;
; Number of registers using Asynchronous Clear ; 0     ;
; Number of registers using Asynchronous Load  ; 0     ;
; Number of registers using Clock Enable       ; 24    ;
; Number of registers using Preset             ; 0     ;
+----------------------------------------------+-------+


+--------------------------------------------------+
; Inverted Register Statistics                     ;
+----------------------------------------+---------+
; Inverted Register                      ; Fan out ;
+----------------------------------------+---------+
; LCD_CT:LCD_CT_PORTMAP|ptr[1]           ; 20      ;
; LCD_CT:LCD_CT_PORTMAP|ptr[0]           ; 19      ;
; LCD_CT:LCD_CT_PORTMAP|ptr[3]           ; 18      ;
; LCD_CT:LCD_CT_PORTMAP|ptr[2]           ; 16      ;
; LCD_CT:LCD_CT_PORTMAP|line             ; 5       ;
; Total number of inverted registers = 5 ;         ;
+----------------------------------------+---------+


+------------------------------------------------------------------------------------------------------------------------------------------------------------+
; Multiplexer Restructuring Statistics (Restructuring Performed)                                                                                             ;
+--------------------+-----------+---------------+----------------------+------------------------+------------+----------------------------------------------+
; Multiplexer Inputs ; Bus Width ; Baseline Area ; Area if Restructured ; Saving if Restructured ; Registered ; Example Multiplexer Output                   ;
+--------------------+-----------+---------------+----------------------+------------------------+------------+----------------------------------------------+
; 5:1                ; 14 bits   ; 42 LEs        ; 14 LEs               ; 28 LEs                 ; Yes        ; |PRJ_DSD|UART_tx:UART_PORTMAP|cnt[5]         ;
; 6:1                ; 4 bits    ; 16 LEs        ; 4 LEs                ; 12 LEs                 ; Yes        ; |PRJ_DSD|UART_tx:UART_PORTMAP|index[2]       ;
; 14:1               ; 31 bits   ; 279 LEs       ; 31 LEs               ; 248 LEs                ; Yes        ; |PRJ_DSD|LCD_CT:LCD_CT_PORTMAP|clk_count[11] ;
; 15:1               ; 2 bits    ; 20 LEs        ; 8 LEs                ; 12 LEs                 ; Yes        ; |PRJ_DSD|LCD_CT:LCD_CT_PORTMAP|lcd_data_x[5] ;
; 30:1               ; 3 bits    ; 60 LEs        ; 42 LEs               ; 18 LEs                 ; Yes        ; |PRJ_DSD|LCD_CT:LCD_CT_PORTMAP|lcd_data_x[1] ;
; 3:1                ; 4 bits    ; 8 LEs         ; 4 LEs                ; 4 LEs                  ; No         ; |PRJ_DSD|LCD_CT:LCD_CT_PORTMAP|ptr           ;
; 8:1                ; 2 bits    ; 10 LEs        ; 2 LEs                ; 8 LEs                  ; No         ; |PRJ_DSD|LCD_CT:LCD_CT_PORTMAP|state         ;
; 8:1                ; 2 bits    ; 10 LEs        ; 4 LEs                ; 6 LEs                  ; No         ; |PRJ_DSD|UART_tx:UART_PORTMAP|Selector18     ;
; 10:1               ; 2 bits    ; 12 LEs        ; 4 LEs                ; 8 LEs                  ; No         ; |PRJ_DSD|UART_tx:UART_PORTMAP|Selector19     ;
+--------------------+-----------+---------------+----------------------+------------------------+------------+----------------------------------------------+


+--------------------------------------------------------------------------------------------+
; Parameter Settings for Inferred Entity Instance: LCD_DATA:LCD_CONVERT_DATA|lpm_divide:Mod1 ;
+------------------------+----------------+--------------------------------------------------+
; Parameter Name         ; Value          ; Type                                             ;
+------------------------+----------------+--------------------------------------------------+
; LPM_WIDTHN             ; 32             ; Untyped                                          ;
; LPM_WIDTHD             ; 32             ; Untyped                                          ;
; LPM_NREPRESENTATION    ; SIGNED         ; Untyped                                          ;
; LPM_DREPRESENTATION    ; SIGNED         ; Untyped                                          ;
; LPM_PIPELINE           ; 0              ; Untyped                                          ;
; LPM_REMAINDERPOSITIVE  ; FALSE          ; Untyped                                          ;
; MAXIMIZE_SPEED         ; 5              ; Untyped                                          ;
; CBXI_PARAMETER         ; lpm_divide_qlo ; Untyped                                          ;
; CARRY_CHAIN            ; MANUAL         ; Untyped                                          ;
; OPTIMIZE_FOR_SPEED     ; 5              ; Untyped                                          ;
; AUTO_CARRY_CHAINS      ; ON             ; AUTO_CARRY                                       ;
; IGNORE_CARRY_BUFFERS   ; OFF            ; IGNORE_CARRY                                     ;
; AUTO_CASCADE_CHAINS    ; ON             ; AUTO_CASCADE                                     ;
; IGNORE_CASCADE_BUFFERS ; OFF            ; IGNORE_CASCADE                                   ;
+------------------------+----------------+--------------------------------------------------+
Note: In order to hide this table in the UI and the text report file, please set the "Show Parameter Settings in Synthesis Report" option in "Analysis and Synthesis Settings -> More Settings" to "Off".


+--------------------------------------------------------------------------------------------+
; Parameter Settings for Inferred Entity Instance: LCD_DATA:LCD_CONVERT_DATA|lpm_divide:Mod0 ;
+------------------------+----------------+--------------------------------------------------+
; Parameter Name         ; Value          ; Type                                             ;
+------------------------+----------------+--------------------------------------------------+
; LPM_WIDTHN             ; 32             ; Untyped                                          ;
; LPM_WIDTHD             ; 32             ; Untyped                                          ;
; LPM_NREPRESENTATION    ; SIGNED         ; Untyped                                          ;
; LPM_DREPRESENTATION    ; SIGNED         ; Untyped                                          ;
; LPM_PIPELINE           ; 0              ; Untyped                                          ;
; LPM_REMAINDERPOSITIVE  ; FALSE          ; Untyped                                          ;
; MAXIMIZE_SPEED         ; 5              ; Untyped                                          ;
; CBXI_PARAMETER         ; lpm_divide_qlo ; Untyped                                          ;
; CARRY_CHAIN            ; MANUAL         ; Untyped                                          ;
; OPTIMIZE_FOR_SPEED     ; 5              ; Untyped                                          ;
; AUTO_CARRY_CHAINS      ; ON             ; AUTO_CARRY                                       ;
; IGNORE_CARRY_BUFFERS   ; OFF            ; IGNORE_CARRY                                     ;
; AUTO_CASCADE_CHAINS    ; ON             ; AUTO_CASCADE                                     ;
; IGNORE_CASCADE_BUFFERS ; OFF            ; IGNORE_CASCADE                                   ;
+------------------------+----------------+--------------------------------------------------+
Note: In order to hide this table in the UI and the text report file, please set the "Show Parameter Settings in Synthesis Report" option in "Analysis and Synthesis Settings -> More Settings" to "Off".


+--------------------------------------------------------------------------------------------+
; Parameter Settings for Inferred Entity Instance: LCD_DATA:LCD_CONVERT_DATA|lpm_divide:Div0 ;
+------------------------+----------------+--------------------------------------------------+
; Parameter Name         ; Value          ; Type                                             ;
+------------------------+----------------+--------------------------------------------------+
; LPM_WIDTHN             ; 32             ; Untyped                                          ;
; LPM_WIDTHD             ; 5              ; Untyped                                          ;
; LPM_NREPRESENTATION    ; SIGNED         ; Untyped                                          ;
; LPM_DREPRESENTATION    ; SIGNED         ; Untyped                                          ;
; LPM_PIPELINE           ; 0              ; Untyped                                          ;
; LPM_REMAINDERPOSITIVE  ; FALSE          ; Untyped                                          ;
; MAXIMIZE_SPEED         ; 5              ; Untyped                                          ;
; CBXI_PARAMETER         ; lpm_divide_7so ; Untyped                                          ;
; CARRY_CHAIN            ; MANUAL         ; Untyped                                          ;
; OPTIMIZE_FOR_SPEED     ; 5              ; Untyped                                          ;
; AUTO_CARRY_CHAINS      ; ON             ; AUTO_CARRY                                       ;
; IGNORE_CARRY_BUFFERS   ; OFF            ; IGNORE_CARRY                                     ;
; AUTO_CASCADE_CHAINS    ; ON             ; AUTO_CASCADE                                     ;
; IGNORE_CASCADE_BUFFERS ; OFF            ; IGNORE_CASCADE                                   ;
+------------------------+----------------+--------------------------------------------------+
Note: In order to hide this table in the UI and the text report file, please set the "Show Parameter Settings in Synthesis Report" option in "Analysis and Synthesis Settings -> More Settings" to "Off".


+-------------------------------------------------------------------------------------------+
; Parameter Settings for Inferred Entity Instance: LCD_DATA:LCD_CONVERT_DATA|lpm_mult:Mult0 ;
+------------------------------------------------+------------+-----------------------------+
; Parameter Name                                 ; Value      ; Type                        ;
+------------------------------------------------+------------+-----------------------------+
; AUTO_CARRY_CHAINS                              ; ON         ; AUTO_CARRY                  ;
; IGNORE_CARRY_BUFFERS                           ; OFF        ; IGNORE_CARRY                ;
; AUTO_CASCADE_CHAINS                            ; ON         ; AUTO_CASCADE                ;
; IGNORE_CASCADE_BUFFERS                         ; OFF        ; IGNORE_CASCADE              ;
; LPM_WIDTHA                                     ; 12         ; Untyped                     ;
; LPM_WIDTHB                                     ; 8          ; Untyped                     ;
; LPM_WIDTHP                                     ; 20         ; Untyped                     ;
; LPM_WIDTHR                                     ; 20         ; Untyped                     ;
; LPM_WIDTHS                                     ; 1          ; Untyped                     ;
; LPM_REPRESENTATION                             ; SIGNED     ; Untyped                     ;
; LPM_PIPELINE                                   ; 0          ; Untyped                     ;
; LATENCY                                        ; 0          ; Untyped                     ;
; INPUT_A_IS_CONSTANT                            ; NO         ; Untyped                     ;
; INPUT_B_IS_CONSTANT                            ; YES        ; Untyped                     ;
; USE_EAB                                        ; OFF        ; Untyped                     ;
; MAXIMIZE_SPEED                                 ; 6          ; Untyped                     ;
; DEVICE_FAMILY                                  ; Cyclone II ; Untyped                     ;
; CARRY_CHAIN                                    ; MANUAL     ; Untyped                     ;
; APEX20K_TECHNOLOGY_MAPPER                      ; LUT        ; TECH_MAPPER_APEX20K         ;
; DEDICATED_MULTIPLIER_CIRCUITRY                 ; AUTO       ; Untyped                     ;
; DEDICATED_MULTIPLIER_MIN_INPUT_WIDTH_FOR_AUTO  ; 0          ; Untyped                     ;
; DEDICATED_MULTIPLIER_MIN_OUTPUT_WIDTH_FOR_AUTO ; 0          ; Untyped                     ;
; CBXI_PARAMETER                                 ; NOTHING    ; Untyped                     ;
; INPUT_A_FIXED_VALUE                            ; Bx         ; Untyped                     ;
; INPUT_B_FIXED_VALUE                            ; Bx         ; Untyped                     ;
; USE_AHDL_IMPLEMENTATION                        ; OFF        ; Untyped                     ;
+------------------------------------------------+------------+-----------------------------+
Note: In order to hide this table in the UI and the text report file, please set the "Show Parameter Settings in Synthesis Report" option in "Analysis and Synthesis Settings -> More Settings" to "Off".


+----------------------------------------------------------------------------------+
; lpm_mult Parameter Settings by Entity Instance                                   ;
+---------------------------------------+------------------------------------------+
; Name                                  ; Value                                    ;
+---------------------------------------+------------------------------------------+
; Number of entity instances            ; 1                                        ;
; Entity Instance                       ; LCD_DATA:LCD_CONVERT_DATA|lpm_mult:Mult0 ;
;     -- LPM_WIDTHA                     ; 12                                       ;
;     -- LPM_WIDTHB                     ; 8                                        ;
;     -- LPM_WIDTHP                     ; 20                                       ;
;     -- LPM_REPRESENTATION             ; SIGNED                                   ;
;     -- INPUT_A_IS_CONSTANT            ; NO                                       ;
;     -- INPUT_B_IS_CONSTANT            ; YES                                      ;
;     -- USE_EAB                        ; OFF                                      ;
;     -- DEDICATED_MULTIPLIER_CIRCUITRY ; AUTO                                     ;
;     -- INPUT_A_FIXED_VALUE            ; Bx                                       ;
;     -- INPUT_B_FIXED_VALUE            ; Bx                                       ;
+---------------------------------------+------------------------------------------+


+--------------------------------------------------------------------------------------------------------------------+
; Port Connectivity Checks: "ADC_0808:ADC_PORTMAP"                                                                   ;
+----------+--------+----------+-------------------------------------------------------------------------------------+
; Port     ; Type   ; Severity ; Details                                                                             ;
+----------+--------+----------+-------------------------------------------------------------------------------------+
; start_tx ; Output ; Info     ; Connected to dangling logic. Logic that only feeds a dangling port will be removed. ;
+----------+--------+----------+-------------------------------------------------------------------------------------+


+-------------------------------+
; Elapsed Time Per Partition    ;
+----------------+--------------+
; Partition Name ; Elapsed Time ;
+----------------+--------------+
; Top            ; 00:00:03     ;
+----------------+--------------+


+-------------------------------+
; Analysis & Synthesis Messages ;
+-------------------------------+
Info: *******************************************************************
Info: Running Quartus II 64-Bit Analysis & Synthesis
    Info: Version 13.0.1 Build 232 06/12/2013 Service Pack 1 SJ Web Edition
    Info: Processing started: Sun Jun 18 21:49:09 2023
Info: Command: quartus_map --read_settings_files=on --write_settings_files=off PRJ_DSD -c PRJ_DSD
Warning (20028): Parallel compilation is not licensed and has been disabled
Info (12021): Found 2 design units, including 1 entities, in source file adc_0808.vhd
    Info (12022): Found design unit 1: ADC_0808-behav
    Info (12023): Found entity 1: ADC_0808
Info (12021): Found 2 design units, including 1 entities, in source file lcd_ct.vhd
    Info (12022): Found design unit 1: LCD_CT-controller
    Info (12023): Found entity 1: LCD_CT
Info (12021): Found 2 design units, including 1 entities, in source file lcd_data.vhd
    Info (12022): Found design unit 1: LCD_DATA-bhv_data
    Info (12023): Found entity 1: LCD_DATA
Info (12021): Found 2 design units, including 1 entities, in source file uart_tx.vhd
    Info (12022): Found design unit 1: UART_tx-behav
    Info (12023): Found entity 1: UART_tx
Info (12021): Found 2 design units, including 1 entities, in source file prj_dsd.vhd
    Info (12022): Found design unit 1: PRJ_DSD-behav
    Info (12023): Found entity 1: PRJ_DSD
Info (12021): Found 2 design units, including 1 entities, in source file div_clk.vhd
    Info (12022): Found design unit 1: DIV_clk-LogicFunction
    Info (12023): Found entity 1: DIV_clk
Info (12127): Elaborating entity "PRJ_DSD" for the top level hierarchy
Warning (10036): Verilog HDL or VHDL warning at PRJ_DSD.vhd(38): object "START_TX_2" assigned a value but never read
Info (12128): Elaborating entity "LCD_CT" for hierarchy "LCD_CT:LCD_CT_PORTMAP"
Info (12128): Elaborating entity "LCD_DATA" for hierarchy "LCD_DATA:LCD_CONVERT_DATA"
Warning (10492): VHDL Process Statement warning at LCD_DATA.vhd(47): signal "temp_chuc" is read inside the Process Statement but isn't in the Process Statement's sensitivity list
Warning (10492): VHDL Process Statement warning at LCD_DATA.vhd(48): signal "temp_dv" is read inside the Process Statement but isn't in the Process Statement's sensitivity list
Warning (10492): VHDL Process Statement warning at LCD_DATA.vhd(54): signal "temp_chuc" is read inside the Process Statement but isn't in the Process Statement's sensitivity list
Warning (10492): VHDL Process Statement warning at LCD_DATA.vhd(55): signal "temp_dv" is read inside the Process Statement but isn't in the Process Statement's sensitivity list
Info (12128): Elaborating entity "UART_tx" for hierarchy "UART_tx:UART_PORTMAP"
Info (12128): Elaborating entity "ADC_0808" for hierarchy "ADC_0808:ADC_PORTMAP"
Info (12128): Elaborating entity "DIV_clk" for hierarchy "DIV_clk:DIV_CLK_PORTMAP"
Info (278001): Inferred 4 megafunctions from design logic
    Info (278004): Inferred divider/modulo megafunction ("lpm_divide") from the following logic: "LCD_DATA:LCD_CONVERT_DATA|Mod1"
    Info (278004): Inferred divider/modulo megafunction ("lpm_divide") from the following logic: "LCD_DATA:LCD_CONVERT_DATA|Mod0"
    Info (278004): Inferred divider/modulo megafunction ("lpm_divide") from the following logic: "LCD_DATA:LCD_CONVERT_DATA|Div0"
    Info (278003): Inferred multiplier megafunction ("lpm_mult") from the following logic: "LCD_DATA:LCD_CONVERT_DATA|Mult0"
Info (12130): Elaborated megafunction instantiation "LCD_DATA:LCD_CONVERT_DATA|lpm_divide:Mod1"
Info (12133): Instantiated megafunction "LCD_DATA:LCD_CONVERT_DATA|lpm_divide:Mod1" with the following parameter:
    Info (12134): Parameter "LPM_WIDTHN" = "32"
    Info (12134): Parameter "LPM_WIDTHD" = "32"
    Info (12134): Parameter "LPM_NREPRESENTATION" = "SIGNED"
    Info (12134): Parameter "LPM_DREPRESENTATION" = "SIGNED"
    Info (12134): Parameter "LPM_HINT" = "LPM_REMAINDERPOSITIVE=FALSE"
Info (12021): Found 1 design units, including 1 entities, in source file db/lpm_divide_qlo.tdf
    Info (12023): Found entity 1: lpm_divide_qlo
Info (12021): Found 1 design units, including 1 entities, in source file db/abs_divider_4dg.tdf
    Info (12023): Found entity 1: abs_divider_4dg
Info (12021): Found 1 design units, including 1 entities, in source file db/alt_u_div_k5f.tdf
    Info (12023): Found entity 1: alt_u_div_k5f
Info (12021): Found 1 design units, including 1 entities, in source file db/add_sub_lkc.tdf
    Info (12023): Found entity 1: add_sub_lkc
Info (12021): Found 1 design units, including 1 entities, in source file db/add_sub_mkc.tdf
    Info (12023): Found entity 1: add_sub_mkc
Info (12021): Found 1 design units, including 1 entities, in source file db/lpm_abs_0s9.tdf
    Info (12023): Found entity 1: lpm_abs_0s9
Info (12130): Elaborated megafunction instantiation "LCD_DATA:LCD_CONVERT_DATA|lpm_divide:Mod0"
Info (12133): Instantiated megafunction "LCD_DATA:LCD_CONVERT_DATA|lpm_divide:Mod0" with the following parameter:
    Info (12134): Parameter "LPM_WIDTHN" = "32"
    Info (12134): Parameter "LPM_WIDTHD" = "32"
    Info (12134): Parameter "LPM_NREPRESENTATION" = "SIGNED"
    Info (12134): Parameter "LPM_DREPRESENTATION" = "SIGNED"
    Info (12134): Parameter "LPM_HINT" = "LPM_REMAINDERPOSITIVE=FALSE"
Info (12130): Elaborated megafunction instantiation "LCD_DATA:LCD_CONVERT_DATA|lpm_divide:Div0"
Info (12133): Instantiated megafunction "LCD_DATA:LCD_CONVERT_DATA|lpm_divide:Div0" with the following parameter:
    Info (12134): Parameter "LPM_WIDTHN" = "32"
    Info (12134): Parameter "LPM_WIDTHD" = "5"
    Info (12134): Parameter "LPM_NREPRESENTATION" = "SIGNED"
    Info (12134): Parameter "LPM_DREPRESENTATION" = "SIGNED"
    Info (12134): Parameter "LPM_HINT" = "LPM_REMAINDERPOSITIVE=FALSE"
Info (12021): Found 1 design units, including 1 entities, in source file db/lpm_divide_7so.tdf
    Info (12023): Found entity 1: lpm_divide_7so
Info (12021): Found 1 design units, including 1 entities, in source file db/abs_divider_kbg.tdf
    Info (12023): Found entity 1: abs_divider_kbg
Info (12021): Found 1 design units, including 1 entities, in source file db/alt_u_div_k2f.tdf
    Info (12023): Found entity 1: alt_u_div_k2f
Info (12021): Found 1 design units, including 1 entities, in source file db/lpm_abs_gq9.tdf
    Info (12023): Found entity 1: lpm_abs_gq9
Info (12130): Elaborated megafunction instantiation "LCD_DATA:LCD_CONVERT_DATA|lpm_mult:Mult0"
Info (12133): Instantiated megafunction "LCD_DATA:LCD_CONVERT_DATA|lpm_mult:Mult0" with the following parameter:
    Info (12134): Parameter "LPM_WIDTHA" = "12"
    Info (12134): Parameter "LPM_WIDTHB" = "8"
    Info (12134): Parameter "LPM_WIDTHP" = "20"
    Info (12134): Parameter "LPM_WIDTHR" = "20"
    Info (12134): Parameter "LPM_WIDTHS" = "1"
    Info (12134): Parameter "LPM_REPRESENTATION" = "SIGNED"
    Info (12134): Parameter "INPUT_A_IS_CONSTANT" = "NO"
    Info (12134): Parameter "INPUT_B_IS_CONSTANT" = "YES"
    Info (12134): Parameter "MAXIMIZE_SPEED" = "6"
Info (12131): Elaborated megafunction instantiation "LCD_DATA:LCD_CONVERT_DATA|lpm_mult:Mult0|multcore:mult_core", which is child of megafunction instantiation "LCD_DATA:LCD_CONVERT_DATA|lpm_mult:Mult0"
Info (12131): Elaborated megafunction instantiation "LCD_DATA:LCD_CONVERT_DATA|lpm_mult:Mult0|multcore:mult_core|mpar_add:padder", which is child of megafunction instantiation "LCD_DATA:LCD_CONVERT_DATA|lpm_mult:Mult0"
Info (12131): Elaborated megafunction instantiation "LCD_DATA:LCD_CONVERT_DATA|lpm_mult:Mult0|multcore:mult_core|mpar_add:padder|lpm_add_sub:adder[0]", which is child of megafunction instantiation "LCD_DATA:LCD_CONVERT_DATA|lpm_mult:Mult0"
Info (12021): Found 1 design units, including 1 entities, in source file db/add_sub_05h.tdf
    Info (12023): Found entity 1: add_sub_05h
Info (12131): Elaborated megafunction instantiation "LCD_DATA:LCD_CONVERT_DATA|lpm_mult:Mult0|multcore:mult_core|mpar_add:padder|mpar_add:sub_par_add", which is child of megafunction instantiation "LCD_DATA:LCD_CONVERT_DATA|lpm_mult:Mult0"
Info (12131): Elaborated megafunction instantiation "LCD_DATA:LCD_CONVERT_DATA|lpm_mult:Mult0|multcore:mult_core|mpar_add:padder|mpar_add:sub_par_add|lpm_add_sub:adder[0]", which is child of megafunction instantiation "LCD_DATA:LCD_CONVERT_DATA|lpm_mult:Mult0"
Info (12021): Found 1 design units, including 1 entities, in source file db/add_sub_ufh.tdf
    Info (12023): Found entity 1: add_sub_ufh
Info (12131): Elaborated megafunction instantiation "LCD_DATA:LCD_CONVERT_DATA|lpm_mult:Mult0|altshift:external_latency_ffs", which is child of megafunction instantiation "LCD_DATA:LCD_CONVERT_DATA|lpm_mult:Mult0"
Info (13014): Ignored 57 buffer(s)
    Info (13016): Ignored 57 CARRY_SUM buffer(s)
Warning (13024): Output pins are stuck at VCC or GND
    Warning (13410): Pin "tt" is stuck at VCC
    Warning (13410): Pin "tt2" is stuck at VCC
    Warning (13410): Pin "rw" is stuck at GND
Info (16010): Generating hard_block partition "hard_block:auto_generated_inst"
    Info (16011): Adding 0 node(s), including 0 DDIO, 0 PLL, 0 transceiver and 0 LCELL
Info (21057): Implemented 2562 device resources after synthesis - the final resource count might be different
    Info (21058): Implemented 12 input pins
    Info (21059): Implemented 19 output pins
    Info (21061): Implemented 2531 logic cells
Info: Quartus II 64-Bit Analysis & Synthesis was successful. 0 errors, 10 warnings
    Info: Peak virtual memory: 4703 megabytes
    Info: Processing ended: Sun Jun 18 21:49:14 2023
    Info: Elapsed time: 00:00:05
    Info: Total CPU time (on all processors): 00:00:05


